g:\17\大二上c++大作业\homework_grade_management_system1.0\homework_grade_management_system1.0\debug\vc140.pdb
g:\17\大二上c++大作业\homework_grade_management_system1.0\homework_grade_management_system1.0\debug\vc140.idb
g:\17\大二上c++大作业\homework_grade_management_system1.0\homework_grade_management_system1.0\debug\function.obj
g:\17\大二上c++大作业\homework_grade_management_system1.0\homework_grade_management_system1.0\debug\main.obj
g:\17\大二上c++大作业\homework_grade_management_system1.0\homework_grade_management_system1.0\debug\login.obj
g:\17\大二上c++大作业\homework_grade_management_system1.0\homework_grade_management_system1.0\debug\user.obj
g:\17\大二上c++大作业\homework_grade_management_system1.0\homework_grade_management_system1.0\debug\input.obj
g:\17\大二上c++大作业\homework_grade_management_system1.0\homework_grade_management_system1.0\debug\homw.obj
g:\17\大二上c++大作业\homework_grade_management_system1.0\homework_grade_management_system1.0\debug\homw_plus.obj
g:\17\大二上c++大作业\homework_grade_management_system1.0\homework_grade_management_system1.0\debug\stud.obj
g:\17\大二上c++大作业\homework_grade_management_system1.0\homework_grade_management_system1.0\debug\stud_plus.obj
g:\17\大二上c++大作业\homework_grade_management_system1.0\homework_grade_management_system1.0\debug\menu.obj
g:\17\大二上c++大作业\homework_grade_management_system\homework_grade_management_system1.0\homework_grade_management_system1.0\debug\vc140.pdb
g:\17\大二上c++大作业\homework_grade_management_system\homework_grade_management_system1.0\homework_grade_management_system1.0\debug\vc140.idb
g:\17\大二上c++大作业\homework_grade_management_system\homework_grade_management_system1.0\homework_grade_management_system1.0\debug\homw.obj
g:\17\大二上c++大作业\homework_grade_management_system\homework_grade_management_system1.0\homework_grade_management_system1.0\debug\homw_plus.obj
g:\17\大二上c++大作业\homework_grade_management_system\homework_grade_management_system1.0\homework_grade_management_system1.0\debug\input.obj
g:\17\大二上c++大作业\homework_grade_management_system\homework_grade_management_system1.0\homework_grade_management_system1.0\debug\login.obj
g:\17\大二上c++大作业\homework_grade_management_system\homework_grade_management_system1.0\homework_grade_management_system1.0\debug\main.obj
g:\17\大二上c++大作业\homework_grade_management_system\homework_grade_management_system1.0\homework_grade_management_system1.0\debug\menu.obj
g:\17\大二上c++大作业\homework_grade_management_system\homework_grade_management_system1.0\homework_grade_management_system1.0\debug\stud.obj
g:\17\大二上c++大作业\homework_grade_management_system\homework_grade_management_system1.0\homework_grade_management_system1.0\debug\stud_plus.obj
g:\17\大二上c++大作业\homework_grade_management_system\homework_grade_management_system1.0\homework_grade_management_system1.0\debug\database.obj
g:\17\大二上c++大作业\homework_grade_management_system1.0\debug\homework_grade_management_system1.0.ilk
g:\17\大二上c++大作业\homework_grade_management_system1.0\debug\homework_grade_management_system1.0.exe
g:\17\大二上c++大作业\homework_grade_management_system1.0\debug\homework_grade_management_system1.0.pdb
g:\17\大二上c++大作业\homework_grade_management_system\homework_grade_management_system1.0\homework_grade_management_system1.0\debug\function.obj
g:\17\大二上c++大作业\homework_grade_management_system\homework_grade_management_system1.0\homework_grade_management_system1.0\debug\user.obj
g:\17\大二上c++大作业\homework_grade_management_system\homework_grade_management_system1.0\debug\homework_grade_management_system1.0.pdb
g:\17\大二上c++大作业\homework_grade_management_system\homework_grade_management_system1.0\homework_grade_management_system1.0\debug\homework.7b2051fc.tlog\cl.command.1.tlog
g:\17\大二上c++大作业\homework_grade_management_system\homework_grade_management_system1.0\homework_grade_management_system1.0\debug\homework.7b2051fc.tlog\cl.read.1.tlog
g:\17\大二上c++大作业\homework_grade_management_system\homework_grade_management_system1.0\homework_grade_management_system1.0\debug\homework.7b2051fc.tlog\cl.write.1.tlog
g:\17\大二上c++大作业\homework_grade_management_system\homework_grade_management_system1.0\homework_grade_management_system1.0\debug\homework.7b2051fc.tlog\link.command.1.tlog
g:\17\大二上c++大作业\homework_grade_management_system\homework_grade_management_system1.0\homework_grade_management_system1.0\debug\homework.7b2051fc.tlog\link.read.1.tlog
g:\17\大二上c++大作业\homework_grade_management_system\homework_grade_management_system1.0\homework_grade_management_system1.0\debug\homework.7b2051fc.tlog\link.write.1.tlog
